CCS PCM C Compiler, Version 5.025, 1977               31-jul.-22 19:42

               Filename:   C:\Users\Sandy González\OneDrive - Universidad Mariano Gálvez\Escritorio\Universidad\Semestre 8\Arquitectura de Computadoras II\Laboratorio 1 - Encender y Apagar Led - Proteus.lst

               ROM used:   52 words (1%)
                           Largest free fragment is 2048
               RAM used:   5 (1%) at main() level
                           6 (2%) worst case
               Stack used: 1 locations
               Stack size: 8

*
0000:  MOVLW  00
0001:  MOVWF  0A
0002:  GOTO   019
0003:  NOP
.................... #include <Laboratorio 1 - Encender y Apagar Led - Proteus.h> 
.................... #include <16F877A.h> 
.................... //////////// Standard Header file for the PIC16F877A device //////////////// 
.................... /////////////////////////////////////////////////////////////////////////// 
.................... ////        (C) Copyright 1996, 2013 Custom Computer Services          //// 
.................... //// This source code may only be used by licensed users of the CCS C  //// 
.................... //// compiler.  This source code may only be distributed to other      //// 
.................... //// licensed users of the CCS C compiler.  No other use, reproduction //// 
.................... //// or distribution is permitted without written permission.          //// 
.................... //// Derivative programs created using this software in object code    //// 
.................... //// form are not restricted in any way.                               //// 
.................... /////////////////////////////////////////////////////////////////////////// 
.................... #device PIC16F877A 
....................  
.................... #list 
....................  
.................... #device ADC=16 
....................  
.................... #FUSES NOWDT                 	//No Watch Dog Timer 
.................... #FUSES NOBROWNOUT            	//No brownout reset 
.................... #FUSES NOLVP                 	//No low voltage prgming, B3(PIC16) or B5(PIC18) used for I/O 
....................  
.................... #use delay(crystal=4000000) 
0004:  MOVLW  21
0005:  MOVWF  04
0006:  BCF    03.7
0007:  MOVF   00,W
0008:  BTFSC  03.2
0009:  GOTO   018
000A:  MOVLW  01
000B:  MOVWF  78
000C:  CLRF   77
000D:  DECFSZ 77,F
000E:  GOTO   00D
000F:  DECFSZ 78,F
0010:  GOTO   00C
0011:  MOVLW  4A
0012:  MOVWF  77
0013:  DECFSZ 77,F
0014:  GOTO   013
0015:  GOTO   016
0016:  DECFSZ 00,F
0017:  GOTO   00A
0018:  RETURN
....................  
....................  
....................  
.................... void main() 
0019:  MOVF   03,W
001A:  ANDLW  1F
001B:  MOVWF  03
001C:  BSF    03.5
001D:  BSF    1F.0
001E:  BSF    1F.1
001F:  BSF    1F.2
0020:  BCF    1F.3
0021:  MOVLW  07
0022:  MOVWF  1C
0023:  BCF    03.7
.................... { 
....................  
....................    while (TRUE){ 
....................       output_high(PIN_B0); // PIN_B0=1 
0024:  BCF    06.0
0025:  BCF    03.5
0026:  BSF    06.0
....................       delay_ms(100); 
0027:  MOVLW  64
0028:  MOVWF  21
0029:  CALL   004
....................       output_low(PIN_B0); // PIN_B0=0 
002A:  BSF    03.5
002B:  BCF    06.0
002C:  BCF    03.5
002D:  BCF    06.0
....................       delay_ms(100); 
002E:  MOVLW  64
002F:  MOVWF  21
0030:  CALL   004
0031:  BSF    03.5
0032:  GOTO   024
....................    } 
....................  
.................... } 
0033:  SLEEP

Configuration Fuses:
   Word  1: 3F31   XT NOWDT PUT NOBROWNOUT NOLVP NOCPD NOWRT NODEBUG NOPROTECT
