
ROM used:   52/8192 (1%)
            52/8192 (1%) including unused fragments

            0.1 Average locations per line
            8.7 Average locations per statement

RAM used:   5/368 (1%) at main() level
            6/368 (2%) worst case

Stack used: 1 worst case (1 in main + 0 for interrupts)
Stack size: 8

Lines Stmts  %   Files
----- ----- ---  -----
   14     6 100  Laboratorio 1 - Encender y Apagar Led - Proteus.c
   10     0   0  Laboratorio 1 - Encender y Apagar Led - Proteus.h
  672     0   0  ..\..\..\..\..\..\..\Program Files (x86)\PICC\Devices\16F877A.h
----- -----
  696     6 Total

Page ROM  %  RAM    Vol Diff  Functions:
---- --- --- ---    --- ----  ----------
0     21  40    1             @delay_ms1
0     27  52    0     86  1.6  main
 Inline         0             @cinit1

Program metrics:
    Functions               1
    Statements              6
    Comments                121
    Volume (V)              90
    Difficulty (D)          1.4
    Effort to implement (E) 125
    Time to implement (T)   0 minutes
    Est Delivered Bugs (B)  0
    Cyclomatic Complexity   1
    Maintainability (MI)    70

 Segment     Used  Free
-----------  ----  ----
00000-00003     4  0  
00004-007FF    48  1996  
00800-00FFF     0  2048  
01000-017FF     0  2048  
01800-01FFF     0  2048  



